{"/home/ivan/Projects/tenderd/devicesDataMicroservice/index.ts": {"path":"/home/ivan/Projects/tenderd/devicesDataMicroservice/index.ts","statementMap":{"0":{"start":{"line":3,"column":0},"end":{"line":3,"column":30}},"1":{"start":{"line":5,"column":0},"end":{"line":5,"column":53}},"2":{"start":{"line":6,"column":0},"end":{"line":6,"column":28}},"3":{"start":{"line":8,"column":0},"end":{"line":8,"column":48}},"4":{"start":{"line":9,"column":0},"end":{"line":9,"column":53}},"5":{"start":{"line":11,"column":33},"end":{"line":11,"column":42}},"6":{"start":{"line":12,"column":21},"end":{"line":12,"column":25}},"7":{"start":{"line":14,"column":0},"end":{"line":14,"column":23}},"8":{"start":{"line":15,"column":0},"end":{"line":15,"column":24}},"9":{"start":{"line":16,"column":0},"end":{"line":16,"column":49}},"10":{"start":{"line":19,"column":0},"end":{"line":30,"column":5}},"11":{"start":{"line":21,"column":4},"end":{"line":21,"column":53}},"12":{"start":{"line":24,"column":4},"end":{"line":24,"column":24}},"13":{"start":{"line":27,"column":4},"end":{"line":27,"column":66}},"14":{"start":{"line":28,"column":4},"end":{"line":28,"column":33}},"15":{"start":{"line":29,"column":4},"end":{"line":29,"column":20}},"16":{"start":{"line":32,"column":0},"end":{"line":32,"column":47}},"17":{"start":{"line":35,"column":0},"end":{"line":37,"column":3}},"18":{"start":{"line":36,"column":2},"end":{"line":36,"column":55}},"19":{"start":{"line":40,"column":0},"end":{"line":43,"column":3}},"20":{"start":{"line":41,"column":2},"end":{"line":42,"column":37}},"21":{"start":{"line":45,"column":0},"end":{"line":45,"column":19}}},"fnMap":{"0":{"name":"(anonymous_1)","decl":{"start":{"line":20,"column":8},"end":{"line":20,"column":11}},"loc":{"start":{"line":20,"column":13},"end":{"line":25,"column":3}}},"1":{"name":"(anonymous_2)","decl":{"start":{"line":26,"column":9},"end":{"line":26,"column":10}},"loc":{"start":{"line":26,"column":17},"end":{"line":30,"column":3}}},"2":{"name":"(anonymous_3)","decl":{"start":{"line":35,"column":13},"end":{"line":35,"column":14}},"loc":{"start":{"line":35,"column":26},"end":{"line":37,"column":1}}},"3":{"name":"(anonymous_4)","decl":{"start":{"line":40,"column":17},"end":{"line":40,"column":20}},"loc":{"start":{"line":40,"column":22},"end":{"line":43,"column":1}}}},"branchMap":{},"s":{"0":1,"1":1,"2":1,"3":1,"4":1,"5":1,"6":1,"7":1,"8":1,"9":1,"10":1,"11":0,"12":0,"13":0,"14":0,"15":0,"16":1,"17":1,"18":0,"19":1,"20":1,"21":1},"f":{"0":0,"1":0,"2":0,"3":1},"b":{}}
,"/home/ivan/Projects/tenderd/devicesDataMicroservice/analyze/analyzeDevicesData.ts": {"path":"/home/ivan/Projects/tenderd/devicesDataMicroservice/analyze/analyzeDevicesData.ts","statementMap":{"0":{"start":{"line":1,"column":0},"end":{"line":1,"column":25}},"1":{"start":{"line":2,"column":0},"end":{"line":2,"column":73}},"2":{"start":{"line":4,"column":0},"end":{"line":4,"column":70}},"3":{"start":{"line":5,"column":0},"end":{"line":5,"column":73}},"4":{"start":{"line":6,"column":0},"end":{"line":6,"column":47}},"5":{"start":{"line":7,"column":0},"end":{"line":7,"column":56}},"6":{"start":{"line":9,"column":16},"end":{"line":9,"column":34}},"7":{"start":{"line":12,"column":26},"end":{"line":19,"column":2}},"8":{"start":{"line":22,"column":34},"end":{"line":259,"column":1}},"9":{"start":{"line":24,"column":47},"end":{"line":31,"column":3}},"10":{"start":{"line":25,"column":4},"end":{"line":30,"column":7}},"11":{"start":{"line":26,"column":6},"end":{"line":29,"column":9}},"12":{"start":{"line":27,"column":8},"end":{"line":28,"column":27}},"13":{"start":{"line":27,"column":17},"end":{"line":27,"column":29}},"14":{"start":{"line":28,"column":13},"end":{"line":28,"column":27}},"15":{"start":{"line":33,"column":22},"end":{"line":254,"column":4}},"16":{"start":{"line":33,"column":33},"end":{"line":254,"column":4}},"17":{"start":{"line":34,"column":4},"end":{"line":253,"column":null}},"18":{"start":{"line":35,"column":29},"end":{"line":35,"column":50}},"19":{"start":{"line":36,"column":36},"end":{"line":36,"column":56}},"20":{"start":{"line":39,"column":6},"end":{"line":42,"column":null}},"21":{"start":{"line":40,"column":8},"end":{"line":40,"column":62}},"22":{"start":{"line":41,"column":8},"end":{"line":41,"column":15}},"23":{"start":{"line":45,"column":6},"end":{"line":250,"column":null}},"24":{"start":{"line":45,"column":35},"end":{"line":45,"column":45}},"25":{"start":{"line":45,"column":35},"end":{"line":45,"column":null}},"26":{"start":{"line":45,"column":31},"end":{"line":45,"column":35}},"27":{"start":{"line":46,"column":38},"end":{"line":46,"column":42}},"28":{"start":{"line":48,"column":8},"end":{"line":48,"column":54}},"29":{"start":{"line":49,"column":8},"end":{"line":49,"column":58}},"30":{"start":{"line":50,"column":43},"end":{"line":50,"column":71}},"31":{"start":{"line":51,"column":38},"end":{"line":51,"column":40}},"32":{"start":{"line":52,"column":40},"end":{"line":52,"column":42}},"33":{"start":{"line":54,"column":8},"end":{"line":54,"column":52}},"34":{"start":{"line":56,"column":8},"end":{"line":56,"column":55}},"35":{"start":{"line":57,"column":8},"end":{"line":71,"column":null}},"36":{"start":{"line":58,"column":33},"end":{"line":58,"column":54}},"37":{"start":{"line":59,"column":10},"end":{"line":66,"column":null}},"38":{"start":{"line":60,"column":35},"end":{"line":63,"column":14}},"39":{"start":{"line":64,"column":12},"end":{"line":64,"column":35}},"40":{"start":{"line":65,"column":12},"end":{"line":65,"column":35}},"41":{"start":{"line":68,"column":33},"end":{"line":68,"column":77}},"42":{"start":{"line":69,"column":10},"end":{"line":69,"column":33}},"43":{"start":{"line":70,"column":10},"end":{"line":70,"column":33}},"44":{"start":{"line":73,"column":8},"end":{"line":89,"column":null}},"45":{"start":{"line":75,"column":10},"end":{"line":84,"column":null}},"46":{"start":{"line":78,"column":35},"end":{"line":82,"column":14}},"47":{"start":{"line":83,"column":12},"end":{"line":83,"column":37}},"48":{"start":{"line":86,"column":33},"end":{"line":86,"column":77}},"49":{"start":{"line":87,"column":10},"end":{"line":87,"column":33}},"50":{"start":{"line":88,"column":10},"end":{"line":88,"column":33}},"51":{"start":{"line":91,"column":8},"end":{"line":110,"column":null}},"52":{"start":{"line":92,"column":10},"end":{"line":106,"column":null}},"53":{"start":{"line":93,"column":35},"end":{"line":97,"column":14}},"54":{"start":{"line":98,"column":12},"end":{"line":98,"column":37}},"55":{"start":{"line":99,"column":17},"end":{"line":106,"column":null}},"56":{"start":{"line":100,"column":35},"end":{"line":104,"column":14}},"57":{"start":{"line":105,"column":12},"end":{"line":105,"column":37}},"58":{"start":{"line":108,"column":33},"end":{"line":108,"column":74}},"59":{"start":{"line":109,"column":10},"end":{"line":109,"column":33}},"60":{"start":{"line":112,"column":8},"end":{"line":131,"column":null}},"61":{"start":{"line":113,"column":10},"end":{"line":127,"column":null}},"62":{"start":{"line":114,"column":35},"end":{"line":118,"column":14}},"63":{"start":{"line":119,"column":12},"end":{"line":119,"column":37}},"64":{"start":{"line":120,"column":17},"end":{"line":127,"column":null}},"65":{"start":{"line":121,"column":35},"end":{"line":125,"column":14}},"66":{"start":{"line":126,"column":12},"end":{"line":126,"column":37}},"67":{"start":{"line":129,"column":33},"end":{"line":129,"column":74}},"68":{"start":{"line":130,"column":10},"end":{"line":130,"column":33}},"69":{"start":{"line":133,"column":8},"end":{"line":143,"column":null}},"70":{"start":{"line":134,"column":33},"end":{"line":134,"column":58}},"71":{"start":{"line":135,"column":10},"end":{"line":142,"column":null}},"72":{"start":{"line":136,"column":35},"end":{"line":140,"column":14}},"73":{"start":{"line":141,"column":12},"end":{"line":141,"column":37}},"74":{"start":{"line":145,"column":8},"end":{"line":165,"column":null}},"75":{"start":{"line":147,"column":10},"end":{"line":161,"column":null}},"76":{"start":{"line":148,"column":35},"end":{"line":152,"column":14}},"77":{"start":{"line":153,"column":12},"end":{"line":153,"column":35}},"78":{"start":{"line":154,"column":17},"end":{"line":161,"column":null}},"79":{"start":{"line":155,"column":35},"end":{"line":159,"column":14}},"80":{"start":{"line":160,"column":12},"end":{"line":160,"column":35}},"81":{"start":{"line":163,"column":33},"end":{"line":163,"column":77}},"82":{"start":{"line":164,"column":10},"end":{"line":164,"column":33}},"83":{"start":{"line":167,"column":8},"end":{"line":170,"column":null}},"84":{"start":{"line":168,"column":33},"end":{"line":168,"column":77}},"85":{"start":{"line":169,"column":10},"end":{"line":169,"column":33}},"86":{"start":{"line":172,"column":8},"end":{"line":191,"column":null}},"87":{"start":{"line":173,"column":10},"end":{"line":187,"column":null}},"88":{"start":{"line":174,"column":35},"end":{"line":178,"column":14}},"89":{"start":{"line":179,"column":12},"end":{"line":179,"column":35}},"90":{"start":{"line":180,"column":17},"end":{"line":187,"column":null}},"91":{"start":{"line":181,"column":35},"end":{"line":185,"column":14}},"92":{"start":{"line":186,"column":12},"end":{"line":186,"column":37}},"93":{"start":{"line":189,"column":33},"end":{"line":189,"column":73}},"94":{"start":{"line":190,"column":10},"end":{"line":190,"column":33}},"95":{"start":{"line":193,"column":8},"end":{"line":196,"column":null}},"96":{"start":{"line":194,"column":33},"end":{"line":194,"column":75}},"97":{"start":{"line":195,"column":10},"end":{"line":195,"column":33}},"98":{"start":{"line":198,"column":33},"end":{"line":198,"column":50}},"99":{"start":{"line":199,"column":8},"end":{"line":203,"column":null}},"100":{"start":{"line":200,"column":10},"end":{"line":202,"column":12}},"101":{"start":{"line":205,"column":8},"end":{"line":209,"column":null}},"102":{"start":{"line":206,"column":10},"end":{"line":208,"column":12}},"103":{"start":{"line":211,"column":8},"end":{"line":211,"column":67}},"104":{"start":{"line":213,"column":8},"end":{"line":236,"column":null}},"105":{"start":{"line":215,"column":29},"end":{"line":215,"column":49}},"106":{"start":{"line":216,"column":10},"end":{"line":216,"column":57}},"107":{"start":{"line":217,"column":10},"end":{"line":219,"column":12}},"108":{"start":{"line":220,"column":10},"end":{"line":220,"column":51}},"109":{"start":{"line":221,"column":10},"end":{"line":221,"column":51}},"110":{"start":{"line":222,"column":10},"end":{"line":222,"column":57}},"111":{"start":{"line":223,"column":10},"end":{"line":223,"column":58}},"112":{"start":{"line":224,"column":10},"end":{"line":224,"column":49}},"113":{"start":{"line":225,"column":10},"end":{"line":225,"column":53}},"114":{"start":{"line":227,"column":33},"end":{"line":227,"column":59}},"115":{"start":{"line":229,"column":10},"end":{"line":235,"column":null}},"116":{"start":{"line":230,"column":12},"end":{"line":230,"column":71}},"117":{"start":{"line":231,"column":12},"end":{"line":231,"column":33}},"118":{"start":{"line":233,"column":32},"end":{"line":233,"column":68}},"119":{"start":{"line":234,"column":12},"end":{"line":234,"column":64}},"120":{"start":{"line":238,"column":8},"end":{"line":246,"column":11}},"121":{"start":{"line":247,"column":8},"end":{"line":247,"column":51}},"122":{"start":{"line":249,"column":8},"end":{"line":249,"column":55}},"123":{"start":{"line":249,"column":33},"end":{"line":249,"column":53}},"124":{"start":{"line":252,"column":6},"end":{"line":252,"column":25}},"125":{"start":{"line":256,"column":2},"end":{"line":258,"column":5}},"126":{"start":{"line":257,"column":4},"end":{"line":257,"column":39}},"127":{"start":{"line":22,"column":13},"end":{"line":22,"column":34}}},"fnMap":{"0":{"name":"(anonymous_20)","decl":{"start":{"line":22,"column":34},"end":{"line":22,"column":37}},"loc":{"start":{"line":22,"column":39},"end":{"line":259,"column":1}}},"1":{"name":"(anonymous_21)","decl":{"start":{"line":24,"column":47},"end":{"line":24,"column":50}},"loc":{"start":{"line":24,"column":52},"end":{"line":31,"column":3}}},"2":{"name":"(anonymous_22)","decl":{"start":{"line":25,"column":23},"end":{"line":25,"column":24}},"loc":{"start":{"line":25,"column":43},"end":{"line":30,"column":5}}},"3":{"name":"(anonymous_23)","decl":{"start":{"line":26,"column":40},"end":{"line":26,"column":41}},"loc":{"start":{"line":26,"column":54},"end":{"line":29,"column":7}}},"4":{"name":"(anonymous_24)","decl":{"start":{"line":33,"column":22},"end":{"line":33,"column":31}},"loc":{"start":{"line":33,"column":33},"end":{"line":254,"column":4}}},"5":{"name":"(anonymous_25)","decl":{"start":{"line":33,"column":33},"end":{"line":33,"column":null}},"loc":{"start":{"line":33,"column":33},"end":{"line":254,"column":3}}},"6":{"name":"(anonymous_26)","decl":{"start":{"line":249,"column":26},"end":{"line":249,"column":27}},"loc":{"start":{"line":249,"column":33},"end":{"line":249,"column":53}}},"7":{"name":"(anonymous_27)","decl":{"start":{"line":256,"column":21},"end":{"line":256,"column":24}},"loc":{"start":{"line":256,"column":26},"end":{"line":258,"column":3}}}},"branchMap":{"0":{"loc":{"start":{"line":27,"column":8},"end":{"line":28,"column":27}},"type":"if","locations":[{"start":{"line":27,"column":8},"end":{"line":28,"column":27}},{"start":{"line":28,"column":13},"end":{"line":28,"column":27}}]},"1":{"loc":{"start":{"line":39,"column":6},"end":{"line":42,"column":null}},"type":"if","locations":[{"start":{"line":39,"column":6},"end":{"line":42,"column":null}}]},"2":{"loc":{"start":{"line":57,"column":8},"end":{"line":71,"column":null}},"type":"if","locations":[{"start":{"line":57,"column":8},"end":{"line":71,"column":null}},{"start":{"line":67,"column":15},"end":{"line":71,"column":null}}]},"3":{"loc":{"start":{"line":59,"column":10},"end":{"line":66,"column":null}},"type":"if","locations":[{"start":{"line":59,"column":10},"end":{"line":66,"column":null}}]},"4":{"loc":{"start":{"line":59,"column":14},"end":{"line":59,"column":39}},"type":"binary-expr","locations":[{"start":{"line":59,"column":14},"end":{"line":59,"column":24}},{"start":{"line":59,"column":28},"end":{"line":59,"column":39}}]},"5":{"loc":{"start":{"line":73,"column":8},"end":{"line":89,"column":null}},"type":"if","locations":[{"start":{"line":73,"column":8},"end":{"line":89,"column":null}},{"start":{"line":85,"column":15},"end":{"line":89,"column":null}}]},"6":{"loc":{"start":{"line":75,"column":10},"end":{"line":84,"column":null}},"type":"if","locations":[{"start":{"line":75,"column":10},"end":{"line":84,"column":null}}]},"7":{"loc":{"start":{"line":91,"column":8},"end":{"line":110,"column":null}},"type":"if","locations":[{"start":{"line":91,"column":8},"end":{"line":110,"column":null}},{"start":{"line":107,"column":15},"end":{"line":110,"column":null}}]},"8":{"loc":{"start":{"line":92,"column":10},"end":{"line":106,"column":null}},"type":"if","locations":[{"start":{"line":92,"column":10},"end":{"line":106,"column":null}},{"start":{"line":99,"column":17},"end":{"line":106,"column":null}}]},"9":{"loc":{"start":{"line":99,"column":17},"end":{"line":106,"column":null}},"type":"if","locations":[{"start":{"line":99,"column":17},"end":{"line":106,"column":null}}]},"10":{"loc":{"start":{"line":112,"column":8},"end":{"line":131,"column":null}},"type":"if","locations":[{"start":{"line":112,"column":8},"end":{"line":131,"column":null}},{"start":{"line":128,"column":15},"end":{"line":131,"column":null}}]},"11":{"loc":{"start":{"line":113,"column":10},"end":{"line":127,"column":null}},"type":"if","locations":[{"start":{"line":113,"column":10},"end":{"line":127,"column":null}},{"start":{"line":120,"column":17},"end":{"line":127,"column":null}}]},"12":{"loc":{"start":{"line":120,"column":17},"end":{"line":127,"column":null}},"type":"if","locations":[{"start":{"line":120,"column":17},"end":{"line":127,"column":null}}]},"13":{"loc":{"start":{"line":133,"column":8},"end":{"line":143,"column":null}},"type":"if","locations":[{"start":{"line":133,"column":8},"end":{"line":143,"column":null}}]},"14":{"loc":{"start":{"line":133,"column":12},"end":{"line":133,"column":38}},"type":"binary-expr","locations":[{"start":{"line":133,"column":12},"end":{"line":133,"column":23}},{"start":{"line":133,"column":27},"end":{"line":133,"column":38}}]},"15":{"loc":{"start":{"line":135,"column":10},"end":{"line":142,"column":null}},"type":"if","locations":[{"start":{"line":135,"column":10},"end":{"line":142,"column":null}}]},"16":{"loc":{"start":{"line":145,"column":8},"end":{"line":165,"column":null}},"type":"if","locations":[{"start":{"line":145,"column":8},"end":{"line":165,"column":null}},{"start":{"line":162,"column":15},"end":{"line":165,"column":null}}]},"17":{"loc":{"start":{"line":147,"column":10},"end":{"line":161,"column":null}},"type":"if","locations":[{"start":{"line":147,"column":10},"end":{"line":161,"column":null}},{"start":{"line":154,"column":17},"end":{"line":161,"column":null}}]},"18":{"loc":{"start":{"line":154,"column":17},"end":{"line":161,"column":null}},"type":"if","locations":[{"start":{"line":154,"column":17},"end":{"line":161,"column":null}}]},"19":{"loc":{"start":{"line":167,"column":8},"end":{"line":170,"column":null}},"type":"if","locations":[{"start":{"line":167,"column":8},"end":{"line":170,"column":null}}]},"20":{"loc":{"start":{"line":172,"column":8},"end":{"line":191,"column":null}},"type":"if","locations":[{"start":{"line":172,"column":8},"end":{"line":191,"column":null}},{"start":{"line":188,"column":15},"end":{"line":191,"column":null}}]},"21":{"loc":{"start":{"line":173,"column":10},"end":{"line":187,"column":null}},"type":"if","locations":[{"start":{"line":173,"column":10},"end":{"line":187,"column":null}},{"start":{"line":180,"column":17},"end":{"line":187,"column":null}}]},"22":{"loc":{"start":{"line":173,"column":14},"end":{"line":173,"column":50}},"type":"binary-expr","locations":[{"start":{"line":173,"column":14},"end":{"line":173,"column":30}},{"start":{"line":173,"column":34},"end":{"line":173,"column":50}}]},"23":{"loc":{"start":{"line":180,"column":17},"end":{"line":187,"column":null}},"type":"if","locations":[{"start":{"line":180,"column":17},"end":{"line":187,"column":null}}]},"24":{"loc":{"start":{"line":180,"column":21},"end":{"line":180,"column":57}},"type":"binary-expr","locations":[{"start":{"line":180,"column":21},"end":{"line":180,"column":37}},{"start":{"line":180,"column":41},"end":{"line":180,"column":57}}]},"25":{"loc":{"start":{"line":193,"column":8},"end":{"line":196,"column":null}},"type":"if","locations":[{"start":{"line":193,"column":8},"end":{"line":196,"column":null}}]},"26":{"loc":{"start":{"line":199,"column":8},"end":{"line":203,"column":null}},"type":"if","locations":[{"start":{"line":199,"column":8},"end":{"line":203,"column":null}}]},"27":{"loc":{"start":{"line":205,"column":8},"end":{"line":209,"column":null}},"type":"if","locations":[{"start":{"line":205,"column":8},"end":{"line":209,"column":null}}]},"28":{"loc":{"start":{"line":213,"column":8},"end":{"line":236,"column":null}},"type":"if","locations":[{"start":{"line":213,"column":8},"end":{"line":236,"column":null}}]},"29":{"loc":{"start":{"line":229,"column":10},"end":{"line":235,"column":null}},"type":"if","locations":[{"start":{"line":229,"column":10},"end":{"line":235,"column":null}},{"start":{"line":232,"column":17},"end":{"line":235,"column":null}}]},"30":{"loc":{"start":{"line":239,"column":17},"end":{"line":239,"column":50}},"type":"cond-expr","locations":[{"start":{"line":239,"column":34},"end":{"line":239,"column":41}},{"start":{"line":239,"column":44},"end":{"line":239,"column":50}}]}},"s":{"0":1,"1":1,"2":1,"3":1,"4":1,"5":1,"6":1,"7":1,"8":1,"9":0,"10":0,"11":0,"12":0,"13":0,"14":0,"15":0,"16":0,"17":0,"18":0,"19":0,"20":0,"21":0,"22":0,"23":0,"24":0,"25":0,"26":0,"27":0,"28":0,"29":0,"30":0,"31":0,"32":0,"33":0,"34":0,"35":0,"36":0,"37":0,"38":0,"39":0,"40":0,"41":0,"42":0,"43":0,"44":0,"45":0,"46":0,"47":0,"48":0,"49":0,"50":0,"51":0,"52":0,"53":0,"54":0,"55":0,"56":0,"57":0,"58":0,"59":0,"60":0,"61":0,"62":0,"63":0,"64":0,"65":0,"66":0,"67":0,"68":0,"69":0,"70":0,"71":0,"72":0,"73":0,"74":0,"75":0,"76":0,"77":0,"78":0,"79":0,"80":0,"81":0,"82":0,"83":0,"84":0,"85":0,"86":0,"87":0,"88":0,"89":0,"90":0,"91":0,"92":0,"93":0,"94":0,"95":0,"96":0,"97":0,"98":0,"99":0,"100":0,"101":0,"102":0,"103":0,"104":0,"105":0,"106":0,"107":0,"108":0,"109":0,"110":0,"111":0,"112":0,"113":0,"114":0,"115":0,"116":0,"117":0,"118":0,"119":0,"120":0,"121":0,"122":0,"123":0,"124":0,"125":0,"126":0,"127":1},"f":{"0":0,"1":0,"2":0,"3":0,"4":0,"5":0,"6":0,"7":0},"b":{"0":[0,0],"1":[0],"2":[0,0],"3":[0],"4":[0,0],"5":[0,0],"6":[0],"7":[0,0],"8":[0,0],"9":[0],"10":[0,0],"11":[0,0],"12":[0],"13":[0],"14":[0,0],"15":[0],"16":[0,0],"17":[0,0],"18":[0],"19":[0],"20":[0,0],"21":[0,0],"22":[0,0],"23":[0],"24":[0,0],"25":[0],"26":[0],"27":[0],"28":[0],"29":[0,0],"30":[0,0]}}
,"/home/ivan/Projects/tenderd/devicesDataMicroservice/analyze/index.ts": {"path":"/home/ivan/Projects/tenderd/devicesDataMicroservice/analyze/index.ts","statementMap":{"0":{"start":{"line":1,"column":0},"end":{"line":1,"column":58}},"1":{"start":{"line":3,"column":0},"end":{"line":3,"column":34}}},"fnMap":{},"branchMap":{},"s":{"0":1,"1":1},"f":{},"b":{}}
,"/home/ivan/Projects/tenderd/devicesDataMicroservice/configs/config.ts": {"path":"/home/ivan/Projects/tenderd/devicesDataMicroservice/configs/config.ts","statementMap":{"0":{"start":{"line":1,"column":21},"end":{"line":1,"column":43}},"1":{"start":{"line":4,"column":8},"end":{"line":4,"column":20}},"2":{"start":{"line":2,"column":31},"end":{"line":2,"column":55}},"3":{"start":{"line":4,"column":21},"end":{"line":4,"column":43}}},"fnMap":{},"branchMap":{},"s":{"0":1,"1":1,"2":1,"3":1},"f":{},"b":{}}
,"/home/ivan/Projects/tenderd/devicesDataMicroservice/configs/connection.ts": {"path":"/home/ivan/Projects/tenderd/devicesDataMicroservice/configs/connection.ts","statementMap":{"0":{"start":{"line":3,"column":0},"end":{"line":3,"column":37}},"1":{"start":{"line":4,"column":0},"end":{"line":4,"column":59}},"2":{"start":{"line":6,"column":13},"end":{"line":16,"column":3}}},"fnMap":{},"branchMap":{},"s":{"0":1,"1":1,"2":1},"f":{},"b":{}}
,"/home/ivan/Projects/tenderd/devicesDataMicroservice/controllers/DevicesData.controller.ts": {"path":"/home/ivan/Projects/tenderd/devicesDataMicroservice/controllers/DevicesData.controller.ts","statementMap":{"0":{"start":{"line":4,"column":0},"end":{"line":4,"column":54}},"1":{"start":{"line":6,"column":0},"end":{"line":6,"column":59}},"2":{"start":{"line":8,"column":30},"end":{"line":8,"column":70}},"3":{"start":{"line":11,"column":32},"end":{"line":17,"column":2}},"4":{"start":{"line":11,"column":64},"end":{"line":17,"column":2}},"5":{"start":{"line":12,"column":2},"end":{"line":16,"column":null}},"6":{"start":{"line":13,"column":4},"end":{"line":13,"column":53}},"7":{"start":{"line":15,"column":4},"end":{"line":15,"column":17}},"8":{"start":{"line":11,"column":13},"end":{"line":11,"column":32}},"9":{"start":{"line":20,"column":29},"end":{"line":26,"column":2}},"10":{"start":{"line":20,"column":54},"end":{"line":26,"column":2}},"11":{"start":{"line":21,"column":2},"end":{"line":25,"column":null}},"12":{"start":{"line":22,"column":4},"end":{"line":22,"column":65}},"13":{"start":{"line":24,"column":4},"end":{"line":24,"column":17}},"14":{"start":{"line":20,"column":13},"end":{"line":20,"column":29}},"15":{"start":{"line":29,"column":33},"end":{"line":35,"column":2}},"16":{"start":{"line":29,"column":44},"end":{"line":35,"column":2}},"17":{"start":{"line":30,"column":2},"end":{"line":34,"column":null}},"18":{"start":{"line":31,"column":4},"end":{"line":31,"column":46}},"19":{"start":{"line":33,"column":4},"end":{"line":33,"column":17}},"20":{"start":{"line":29,"column":13},"end":{"line":29,"column":33}},"21":{"start":{"line":38,"column":32},"end":{"line":44,"column":2}},"22":{"start":{"line":38,"column":59},"end":{"line":44,"column":2}},"23":{"start":{"line":39,"column":2},"end":{"line":43,"column":null}},"24":{"start":{"line":40,"column":4},"end":{"line":40,"column":64}},"25":{"start":{"line":42,"column":4},"end":{"line":42,"column":17}},"26":{"start":{"line":38,"column":13},"end":{"line":38,"column":32}},"27":{"start":{"line":47,"column":35},"end":{"line":53,"column":2}},"28":{"start":{"line":47,"column":46},"end":{"line":53,"column":2}},"29":{"start":{"line":48,"column":2},"end":{"line":52,"column":null}},"30":{"start":{"line":49,"column":4},"end":{"line":49,"column":47}},"31":{"start":{"line":51,"column":4},"end":{"line":51,"column":17}},"32":{"start":{"line":47,"column":13},"end":{"line":47,"column":35}}},"fnMap":{"0":{"name":"(anonymous_7)","decl":{"start":{"line":11,"column":32},"end":{"line":11,"column":39}},"loc":{"start":{"line":11,"column":64},"end":{"line":17,"column":2}}},"1":{"name":"(anonymous_8)","decl":{"start":{"line":11,"column":64},"end":{"line":11,"column":null}},"loc":{"start":{"line":11,"column":64},"end":{"line":17,"column":1}}},"2":{"name":"(anonymous_9)","decl":{"start":{"line":20,"column":29},"end":{"line":20,"column":36}},"loc":{"start":{"line":20,"column":54},"end":{"line":26,"column":2}}},"3":{"name":"(anonymous_10)","decl":{"start":{"line":20,"column":54},"end":{"line":20,"column":null}},"loc":{"start":{"line":20,"column":54},"end":{"line":26,"column":1}}},"4":{"name":"(anonymous_11)","decl":{"start":{"line":29,"column":33},"end":{"line":29,"column":42}},"loc":{"start":{"line":29,"column":44},"end":{"line":35,"column":2}}},"5":{"name":"(anonymous_12)","decl":{"start":{"line":29,"column":44},"end":{"line":29,"column":null}},"loc":{"start":{"line":29,"column":44},"end":{"line":35,"column":1}}},"6":{"name":"(anonymous_13)","decl":{"start":{"line":38,"column":32},"end":{"line":38,"column":39}},"loc":{"start":{"line":38,"column":59},"end":{"line":44,"column":2}}},"7":{"name":"(anonymous_14)","decl":{"start":{"line":38,"column":59},"end":{"line":38,"column":null}},"loc":{"start":{"line":38,"column":59},"end":{"line":44,"column":1}}},"8":{"name":"(anonymous_15)","decl":{"start":{"line":47,"column":35},"end":{"line":47,"column":44}},"loc":{"start":{"line":47,"column":46},"end":{"line":53,"column":2}}},"9":{"name":"(anonymous_16)","decl":{"start":{"line":47,"column":46},"end":{"line":47,"column":null}},"loc":{"start":{"line":47,"column":46},"end":{"line":53,"column":1}}}},"branchMap":{},"s":{"0":1,"1":1,"2":1,"3":1,"4":0,"5":0,"6":0,"7":0,"8":1,"9":1,"10":0,"11":0,"12":0,"13":0,"14":1,"15":1,"16":1,"17":1,"18":1,"19":1,"20":1,"21":1,"22":0,"23":0,"24":0,"25":0,"26":1,"27":1,"28":0,"29":0,"30":0,"31":0,"32":1},"f":{"0":0,"1":0,"2":0,"3":0,"4":1,"5":1,"6":0,"7":0,"8":0,"9":0},"b":{}}
,"/home/ivan/Projects/tenderd/devicesDataMicroservice/dto/DevicesData.dto.ts": {"path":"/home/ivan/Projects/tenderd/devicesDataMicroservice/dto/DevicesData.dto.ts","statementMap":{"0":{"start":{"line":3,"column":0},"end":{"line":3,"column":null}},"1":{"start":{"line":18,"column":2},"end":{"line":21,"column":null}},"2":{"start":{"line":25,"column":2},"end":{"line":26,"column":null}},"3":{"start":{"line":28,"column":2},"end":{"line":29,"column":null}},"4":{"start":{"line":31,"column":2},"end":{"line":33,"column":null}},"5":{"start":{"line":35,"column":2},"end":{"line":37,"column":null}},"6":{"start":{"line":39,"column":2},"end":{"line":43,"column":null}},"7":{"start":{"line":45,"column":2},"end":{"line":47,"column":null}},"8":{"start":{"line":17,"column":0},"end":{"line":17,"column":13}}},"fnMap":{},"branchMap":{},"s":{"0":1,"1":1,"2":1,"3":1,"4":1,"5":1,"6":1,"7":1,"8":1},"f":{},"b":{}}
,"/home/ivan/Projects/tenderd/devicesDataMicroservice/entity/DevicesData.entity.ts": {"path":"/home/ivan/Projects/tenderd/devicesDataMicroservice/entity/DevicesData.entity.ts","statementMap":{"0":{"start":{"line":1,"column":0},"end":{"line":1,"column":80}},"1":{"start":{"line":4,"column":7},"end":{"line":57,"column":null}},"2":{"start":{"line":5,"column":2},"end":{"line":6,"column":null}},"3":{"start":{"line":8,"column":2},"end":{"line":12,"column":null}},"4":{"start":{"line":16,"column":2},"end":{"line":17,"column":null}},"5":{"start":{"line":16,"column":48},"end":{"line":16,"column":55}},"6":{"start":{"line":19,"column":2},"end":{"line":25,"column":null}},"7":{"start":{"line":27,"column":2},"end":{"line":33,"column":null}},"8":{"start":{"line":35,"column":2},"end":{"line":41,"column":null}},"9":{"start":{"line":43,"column":2},"end":{"line":44,"column":null}},"10":{"start":{"line":46,"column":2},"end":{"line":50,"column":null}},"11":{"start":{"line":52,"column":2},"end":{"line":56,"column":null}},"12":{"start":{"line":4,"column":13},"end":{"line":57,"column":null}},"13":{"start":{"line":4,"column":13},"end":{"line":4,"column":24}}},"fnMap":{"0":{"name":"(anonymous_2)","decl":{"start":{"line":16,"column":42},"end":{"line":16,"column":45}},"loc":{"start":{"line":16,"column":48},"end":{"line":16,"column":55}}}},"branchMap":{},"s":{"0":1,"1":1,"2":1,"3":1,"4":1,"5":0,"6":1,"7":1,"8":1,"9":1,"10":1,"11":1,"12":1,"13":1},"f":{"0":0},"b":{}}
,"/home/ivan/Projects/tenderd/devicesDataMicroservice/routes/devicesData.ts": {"path":"/home/ivan/Projects/tenderd/devicesDataMicroservice/routes/devicesData.ts","statementMap":{"0":{"start":{"line":3,"column":0},"end":{"line":3,"column":30}},"1":{"start":{"line":4,"column":0},"end":{"line":4,"column":59}},"2":{"start":{"line":5,"column":0},"end":{"line":5,"column":null}},"3":{"start":{"line":12,"column":0},"end":{"line":12,"column":47}},"4":{"start":{"line":13,"column":0},"end":{"line":13,"column":56}},"5":{"start":{"line":15,"column":22},"end":{"line":15,"column":48}},"6":{"start":{"line":16,"column":42},"end":{"line":16,"column":58}},"7":{"start":{"line":18,"column":0},"end":{"line":43,"column":3}},"8":{"start":{"line":18,"column":46},"end":{"line":43,"column":2}},"9":{"start":{"line":19,"column":2},"end":{"line":42,"column":null}},"10":{"start":{"line":20,"column":23},"end":{"line":20,"column":43}},"11":{"start":{"line":21,"column":4},"end":{"line":21,"column":46}},"12":{"start":{"line":22,"column":4},"end":{"line":22,"column":48}},"13":{"start":{"line":23,"column":4},"end":{"line":23,"column":40}},"14":{"start":{"line":24,"column":4},"end":{"line":24,"column":40}},"15":{"start":{"line":25,"column":4},"end":{"line":25,"column":46}},"16":{"start":{"line":26,"column":4},"end":{"line":26,"column":46}},"17":{"start":{"line":27,"column":4},"end":{"line":27,"column":38}},"18":{"start":{"line":28,"column":4},"end":{"line":28,"column":42}},"19":{"start":{"line":30,"column":27},"end":{"line":30,"column":53}},"20":{"start":{"line":31,"column":4},"end":{"line":38,"column":null}},"21":{"start":{"line":32,"column":6},"end":{"line":32,"column":65}},"22":{"start":{"line":33,"column":6},"end":{"line":33,"column":27}},"23":{"start":{"line":35,"column":26},"end":{"line":35,"column":62}},"24":{"start":{"line":36,"column":6},"end":{"line":36,"column":58}},"25":{"start":{"line":37,"column":6},"end":{"line":37,"column":67}},"26":{"start":{"line":40,"column":4},"end":{"line":40,"column":34}},"27":{"start":{"line":41,"column":4},"end":{"line":41,"column":62}},"28":{"start":{"line":46,"column":0},"end":{"line":54,"column":3}},"29":{"start":{"line":46,"column":46},"end":{"line":54,"column":2}},"30":{"start":{"line":47,"column":2},"end":{"line":53,"column":null}},"31":{"start":{"line":48,"column":24},"end":{"line":48,"column":49}},"32":{"start":{"line":49,"column":4},"end":{"line":49,"column":65}},"33":{"start":{"line":51,"column":4},"end":{"line":51,"column":32}},"34":{"start":{"line":52,"column":4},"end":{"line":52,"column":60}},"35":{"start":{"line":57,"column":0},"end":{"line":65,"column":3}},"36":{"start":{"line":57,"column":49},"end":{"line":65,"column":2}},"37":{"start":{"line":58,"column":2},"end":{"line":64,"column":null}},"38":{"start":{"line":59,"column":24},"end":{"line":59,"column":66}},"39":{"start":{"line":60,"column":4},"end":{"line":60,"column":65}},"40":{"start":{"line":62,"column":4},"end":{"line":62,"column":32}},"41":{"start":{"line":63,"column":4},"end":{"line":63,"column":60}},"42":{"start":{"line":68,"column":0},"end":{"line":76,"column":3}},"43":{"start":{"line":68,"column":52},"end":{"line":76,"column":2}},"44":{"start":{"line":69,"column":2},"end":{"line":75,"column":null}},"45":{"start":{"line":70,"column":24},"end":{"line":70,"column":69}},"46":{"start":{"line":71,"column":4},"end":{"line":71,"column":65}},"47":{"start":{"line":73,"column":4},"end":{"line":73,"column":32}},"48":{"start":{"line":74,"column":4},"end":{"line":74,"column":60}},"49":{"start":{"line":79,"column":0},"end":{"line":87,"column":3}},"50":{"start":{"line":79,"column":49},"end":{"line":87,"column":2}},"51":{"start":{"line":80,"column":2},"end":{"line":86,"column":null}},"52":{"start":{"line":81,"column":24},"end":{"line":81,"column":51}},"53":{"start":{"line":82,"column":4},"end":{"line":82,"column":65}},"54":{"start":{"line":84,"column":4},"end":{"line":84,"column":32}},"55":{"start":{"line":85,"column":4},"end":{"line":85,"column":60}},"56":{"start":{"line":92,"column":0},"end":{"line":109,"column":3}},"57":{"start":{"line":93,"column":2},"end":{"line":108,"column":null}},"58":{"start":{"line":94,"column":4},"end":{"line":104,"column":7}},"59":{"start":{"line":95,"column":36},"end":{"line":95,"column":60}},"60":{"start":{"line":96,"column":32},"end":{"line":96,"column":34}},"61":{"start":{"line":97,"column":6},"end":{"line":97,"column":44}},"62":{"start":{"line":98,"column":6},"end":{"line":102,"column":null}},"63":{"start":{"line":99,"column":27},"end":{"line":99,"column":46}},"64":{"start":{"line":101,"column":8},"end":{"line":101,"column":31}},"65":{"start":{"line":103,"column":6},"end":{"line":103,"column":67}},"66":{"start":{"line":106,"column":4},"end":{"line":106,"column":32}},"67":{"start":{"line":107,"column":4},"end":{"line":107,"column":60}},"68":{"start":{"line":111,"column":0},"end":{"line":111,"column":33}}},"fnMap":{"0":{"name":"(anonymous_8)","decl":{"start":{"line":18,"column":27},"end":{"line":18,"column":34}},"loc":{"start":{"line":18,"column":46},"end":{"line":43,"column":2}}},"1":{"name":"(anonymous_9)","decl":{"start":{"line":18,"column":46},"end":{"line":18,"column":null}},"loc":{"start":{"line":18,"column":46},"end":{"line":43,"column":1}}},"2":{"name":"(anonymous_10)","decl":{"start":{"line":46,"column":27},"end":{"line":46,"column":34}},"loc":{"start":{"line":46,"column":46},"end":{"line":54,"column":2}}},"3":{"name":"(anonymous_11)","decl":{"start":{"line":46,"column":46},"end":{"line":46,"column":null}},"loc":{"start":{"line":46,"column":46},"end":{"line":54,"column":1}}},"4":{"name":"(anonymous_12)","decl":{"start":{"line":57,"column":30},"end":{"line":57,"column":37}},"loc":{"start":{"line":57,"column":49},"end":{"line":65,"column":2}}},"5":{"name":"(anonymous_13)","decl":{"start":{"line":57,"column":49},"end":{"line":57,"column":null}},"loc":{"start":{"line":57,"column":49},"end":{"line":65,"column":1}}},"6":{"name":"(anonymous_14)","decl":{"start":{"line":68,"column":33},"end":{"line":68,"column":40}},"loc":{"start":{"line":68,"column":52},"end":{"line":76,"column":2}}},"7":{"name":"(anonymous_15)","decl":{"start":{"line":68,"column":52},"end":{"line":68,"column":null}},"loc":{"start":{"line":68,"column":52},"end":{"line":76,"column":1}}},"8":{"name":"(anonymous_16)","decl":{"start":{"line":79,"column":30},"end":{"line":79,"column":37}},"loc":{"start":{"line":79,"column":49},"end":{"line":87,"column":2}}},"9":{"name":"(anonymous_17)","decl":{"start":{"line":79,"column":49},"end":{"line":79,"column":null}},"loc":{"start":{"line":79,"column":49},"end":{"line":87,"column":1}}},"10":{"name":"(anonymous_18)","decl":{"start":{"line":92,"column":48},"end":{"line":92,"column":58}},"loc":{"start":{"line":92,"column":72},"end":{"line":109,"column":1}}},"11":{"name":"(anonymous_19)","decl":{"start":{"line":94,"column":56},"end":{"line":94,"column":57}},"loc":{"start":{"line":94,"column":74},"end":{"line":104,"column":5}}}},"branchMap":{"0":{"loc":{"start":{"line":31,"column":4},"end":{"line":38,"column":null}},"type":"if","locations":[{"start":{"line":31,"column":4},"end":{"line":38,"column":null}},{"start":{"line":34,"column":11},"end":{"line":38,"column":null}}]}},"s":{"0":1,"1":1,"2":1,"3":1,"4":1,"5":1,"6":1,"7":1,"8":0,"9":0,"10":0,"11":0,"12":0,"13":0,"14":0,"15":0,"16":0,"17":0,"18":0,"19":0,"20":0,"21":0,"22":0,"23":0,"24":0,"25":0,"26":0,"27":0,"28":1,"29":1,"30":1,"31":1,"32":1,"33":0,"34":0,"35":1,"36":0,"37":0,"38":0,"39":0,"40":0,"41":0,"42":1,"43":0,"44":0,"45":0,"46":0,"47":0,"48":0,"49":1,"50":0,"51":0,"52":0,"53":0,"54":0,"55":0,"56":1,"57":0,"58":0,"59":0,"60":0,"61":0,"62":0,"63":0,"64":0,"65":0,"66":0,"67":0,"68":1},"f":{"0":0,"1":0,"2":1,"3":1,"4":0,"5":0,"6":0,"7":0,"8":0,"9":0,"10":0,"11":0},"b":{"0":[0,0]}}
,"/home/ivan/Projects/tenderd/devicesDataMicroservice/transform/helpers.ts": {"path":"/home/ivan/Projects/tenderd/devicesDataMicroservice/transform/helpers.ts","statementMap":{"0":{"start":{"line":6,"column":31},"end":{"line":8,"column":1}},"1":{"start":{"line":7,"column":2},"end":{"line":7,"column":32}},"2":{"start":{"line":6,"column":13},"end":{"line":6,"column":31}},"3":{"start":{"line":16,"column":21},"end":{"line":21,"column":1}},"4":{"start":{"line":17,"column":2},"end":{"line":17,"column":37}},"5":{"start":{"line":18,"column":2},"end":{"line":18,"column":24}},"6":{"start":{"line":19,"column":2},"end":{"line":19,"column":37}},"7":{"start":{"line":20,"column":2},"end":{"line":20,"column":13}},"8":{"start":{"line":16,"column":13},"end":{"line":16,"column":21}}},"fnMap":{"0":{"name":"(anonymous_0)","decl":{"start":{"line":6,"column":31},"end":{"line":6,"column":32}},"loc":{"start":{"line":6,"column":59},"end":{"line":8,"column":1}}},"1":{"name":"(anonymous_1)","decl":{"start":{"line":16,"column":21},"end":{"line":16,"column":22}},"loc":{"start":{"line":16,"column":59},"end":{"line":21,"column":1}}}},"branchMap":{"0":{"loc":{"start":{"line":16,"column":35},"end":{"line":16,"column":55}},"type":"default-arg","locations":[{"start":{"line":16,"column":54},"end":{"line":16,"column":55}}]}},"s":{"0":1,"1":0,"2":1,"3":1,"4":0,"5":0,"6":0,"7":0,"8":1},"f":{"0":0,"1":0},"b":{"0":[0]}}
,"/home/ivan/Projects/tenderd/devicesDataMicroservice/transform/normalyzedDataPoint.ts": {"path":"/home/ivan/Projects/tenderd/devicesDataMicroservice/transform/normalyzedDataPoint.ts","statementMap":{"0":{"start":{"line":4,"column":0},"end":{"line":4,"column":51}},"1":{"start":{"line":6,"column":77},"end":{"line":23,"column":1}},"2":{"start":{"line":9,"column":2},"end":{"line":22,"column":4}},"3":{"start":{"line":6,"column":13},"end":{"line":6,"column":77}}},"fnMap":{"0":{"name":"(anonymous_0)","decl":{"start":{"line":6,"column":77},"end":{"line":6,"column":null}},"loc":{"start":{"line":8,"column":4},"end":{"line":23,"column":1}}}},"branchMap":{"0":{"loc":{"start":{"line":12,"column":14},"end":{"line":12,"column":74}},"type":"cond-expr","locations":[{"start":{"line":12,"column":31},"end":{"line":12,"column":67}},{"start":{"line":12,"column":70},"end":{"line":12,"column":74}}]},"1":{"loc":{"start":{"line":14,"column":11},"end":{"line":14,"column":50}},"type":"cond-expr","locations":[{"start":{"line":14,"column":25},"end":{"line":14,"column":43}},{"start":{"line":14,"column":46},"end":{"line":14,"column":50}}]},"2":{"loc":{"start":{"line":15,"column":11},"end":{"line":15,"column":50}},"type":"cond-expr","locations":[{"start":{"line":15,"column":25},"end":{"line":15,"column":43}},{"start":{"line":15,"column":46},"end":{"line":15,"column":50}}]},"3":{"loc":{"start":{"line":16,"column":17},"end":{"line":16,"column":43}},"type":"cond-expr","locations":[{"start":{"line":16,"column":31},"end":{"line":16,"column":35}},{"start":{"line":16,"column":38},"end":{"line":16,"column":43}}]},"4":{"loc":{"start":{"line":17,"column":14},"end":{"line":17,"column":59}},"type":"cond-expr","locations":[{"start":{"line":17,"column":31},"end":{"line":17,"column":52}},{"start":{"line":17,"column":55},"end":{"line":17,"column":59}}]},"5":{"loc":{"start":{"line":18,"column":20},"end":{"line":18,"column":49}},"type":"cond-expr","locations":[{"start":{"line":18,"column":37},"end":{"line":18,"column":41}},{"start":{"line":18,"column":44},"end":{"line":18,"column":49}}]},"6":{"loc":{"start":{"line":19,"column":14},"end":{"line":19,"column":36}},"type":"cond-expr","locations":[{"start":{"line":19,"column":28},"end":{"line":19,"column":32}},{"start":{"line":19,"column":32},"end":{"line":19,"column":36}}]},"7":{"loc":{"start":{"line":19,"column":14},"end":{"line":19,"column":32}},"type":"binary-expr","locations":[{"start":{"line":19,"column":14},"end":{"line":19,"column":32}},{"start":{"line":19,"column":28},"end":{"line":19,"column":32}}]},"8":{"loc":{"start":{"line":20,"column":10},"end":{"line":20,"column":28}},"type":"cond-expr","locations":[{"start":{"line":20,"column":20},"end":{"line":20,"column":24}},{"start":{"line":20,"column":24},"end":{"line":20,"column":28}}]},"9":{"loc":{"start":{"line":20,"column":10},"end":{"line":20,"column":24}},"type":"binary-expr","locations":[{"start":{"line":20,"column":10},"end":{"line":20,"column":24}},{"start":{"line":20,"column":20},"end":{"line":20,"column":24}}]},"10":{"loc":{"start":{"line":21,"column":12},"end":{"line":21,"column":75}},"type":"cond-expr","locations":[{"start":{"line":21,"column":27},"end":{"line":21,"column":68}},{"start":{"line":21,"column":71},"end":{"line":21,"column":75}}]}},"s":{"0":1,"1":1,"2":0,"3":1},"f":{"0":0},"b":{"0":[0,0],"1":[0,0],"2":[0,0],"3":[0,0],"4":[0,0],"5":[0,0],"6":[0,0],"7":[0,0],"8":[0,0],"9":[0,0],"10":[0,0]}}
}
